2023-02-26T17:56:03.904+09:00  INFO 4612 --- [restartedMain] b.everybeomsu.EverybeomsuApplication     : Starting EverybeomsuApplication using Java 17.0.5 with PID 4612 (C:\Users\TFX5075G\Documents\개발\everybeomsu\build\classes\java\main started by TFX5075G in C:\Users\TFX5075G\Documents\개발\everybeomsu)
2023-02-26T17:56:03.926+09:00  INFO 4612 --- [restartedMain] b.everybeomsu.EverybeomsuApplication     : No active profile set, falling back to 1 default profile: "default"
2023-02-26T17:56:04.034+09:00  INFO 4612 --- [restartedMain] .e.DevToolsPropertyDefaultsPostProcessor : Devtools property defaults active! Set 'spring.devtools.add-properties' to 'false' to disable
2023-02-26T17:56:04.038+09:00  INFO 4612 --- [restartedMain] .e.DevToolsPropertyDefaultsPostProcessor : For additional web related logging consider setting the 'logging.level.web' property to 'DEBUG'
2023-02-26T17:56:05.677+09:00  INFO 4612 --- [restartedMain] .s.d.r.c.RepositoryConfigurationDelegate : Bootstrapping Spring Data JPA repositories in DEFAULT mode.
2023-02-26T17:56:05.861+09:00  INFO 4612 --- [restartedMain] .s.d.r.c.RepositoryConfigurationDelegate : Finished Spring Data repository scanning in 156 ms. Found 4 JPA repository interfaces.
2023-02-26T17:56:07.755+09:00  INFO 4612 --- [restartedMain] o.s.b.w.embedded.tomcat.TomcatWebServer  : Tomcat initialized with port(s): 8080 (http)
2023-02-26T17:56:07.779+09:00  INFO 4612 --- [restartedMain] o.apache.catalina.core.StandardService   : Starting service [Tomcat]
2023-02-26T17:56:07.780+09:00  INFO 4612 --- [restartedMain] o.apache.catalina.core.StandardEngine    : Starting Servlet engine: [Apache Tomcat/10.1.5]
2023-02-26T17:56:07.991+09:00  INFO 4612 --- [restartedMain] o.a.c.c.C.[Tomcat].[localhost].[/]       : Initializing Spring embedded WebApplicationContext
2023-02-26T17:56:07.992+09:00  INFO 4612 --- [restartedMain] w.s.c.ServletWebServerApplicationContext : Root WebApplicationContext: initialization completed in 3952 ms
2023-02-26T17:56:08.373+09:00  INFO 4612 --- [restartedMain] o.hibernate.jpa.internal.util.LogHelper  : HHH000204: Processing PersistenceUnitInfo [name: default]
2023-02-26T17:56:08.481+09:00  INFO 4612 --- [restartedMain] org.hibernate.Version                    : HHH000412: Hibernate ORM core version 6.1.6.Final
2023-02-26T17:56:08.817+09:00  WARN 4612 --- [restartedMain] org.hibernate.orm.deprecation            : HHH90000021: Encountered deprecated setting [javax.persistence.sharedCache.mode], use [jakarta.persistence.sharedCache.mode] instead
2023-02-26T17:56:08.943+09:00 DEBUG 4612 --- [restartedMain] o.h.t.d.jdbc.spi.JdbcTypeRegistry        : addDescriptor(FloatTypeDescriptor) replaced previous registration(DoubleTypeDescriptor)
2023-02-26T17:56:08.974+09:00 DEBUG 4612 --- [restartedMain] org.hibernate.type.BasicTypeRegistry     : Adding type registration boolean -> org.hibernate.type.BasicTypeReference@7b6034bb
2023-02-26T17:56:08.975+09:00 DEBUG 4612 --- [restartedMain] org.hibernate.type.BasicTypeRegistry     : Adding type registration boolean -> org.hibernate.type.BasicTypeReference@7b6034bb
2023-02-26T17:56:08.975+09:00 DEBUG 4612 --- [restartedMain] org.hibernate.type.BasicTypeRegistry     : Adding type registration java.lang.Boolean -> org.hibernate.type.BasicTypeReference@7b6034bb
2023-02-26T17:56:08.976+09:00 DEBUG 4612 --- [restartedMain] org.hibernate.type.BasicTypeRegistry     : Adding type registration numeric_boolean -> org.hibernate.type.BasicTypeReference@6ed71c1c
2023-02-26T17:56:08.976+09:00 DEBUG 4612 --- [restartedMain] org.hibernate.type.BasicTypeRegistry     : Adding type registration org.hibernate.type.NumericBooleanConverter -> org.hibernate.type.BasicTypeReference@6ed71c1c
2023-02-26T17:56:08.976+09:00 DEBUG 4612 --- [restartedMain] org.hibernate.type.BasicTypeRegistry     : Adding type registration true_false -> org.hibernate.type.BasicTypeReference@1f7a6105
2023-02-26T17:56:08.976+09:00 DEBUG 4612 --- [restartedMain] org.hibernate.type.BasicTypeRegistry     : Adding type registration org.hibernate.type.TrueFalseConverter -> org.hibernate.type.BasicTypeReference@1f7a6105
2023-02-26T17:56:08.977+09:00 DEBUG 4612 --- [restartedMain] org.hibernate.type.BasicTypeRegistry     : Adding type registration yes_no -> org.hibernate.type.BasicTypeReference@3bcb3a85
2023-02-26T17:56:08.977+09:00 DEBUG 4612 --- [restartedMain] org.hibernate.type.BasicTypeRegistry     : Adding type registration org.hibernate.type.YesNoConverter -> org.hibernate.type.BasicTypeReference@3bcb3a85
2023-02-26T17:56:08.977+09:00 DEBUG 4612 --- [restartedMain] org.hibernate.type.BasicTypeRegistry     : Adding type registration byte -> org.hibernate.type.BasicTypeReference@417404ab
2023-02-26T17:56:08.978+09:00 DEBUG 4612 --- [restartedMain] org.hibernate.type.BasicTypeRegistry     : Adding type registration byte -> org.hibernate.type.BasicTypeReference@417404ab
2023-02-26T17:56:08.979+09:00 DEBUG 4612 --- [restartedMain] org.hibernate.type.BasicTypeRegistry     : Adding type registration java.lang.Byte -> org.hibernate.type.BasicTypeReference@417404ab
2023-02-26T17:56:08.979+09:00 DEBUG 4612 --- [restartedMain] org.hibernate.type.BasicTypeRegistry     : Adding type registration binary -> org.hibernate.type.BasicTypeReference@39d6f829
2023-02-26T17:56:08.979+09:00 DEBUG 4612 --- [restartedMain] org.hibernate.type.BasicTypeRegistry     : Adding type registration byte[] -> org.hibernate.type.BasicTypeReference@39d6f829
2023-02-26T17:56:08.979+09:00 DEBUG 4612 --- [restartedMain] org.hibernate.type.BasicTypeRegistry     : Adding type registration [B -> org.hibernate.type.BasicTypeReference@39d6f829
2023-02-26T17:56:08.979+09:00 DEBUG 4612 --- [restartedMain] org.hibernate.type.BasicTypeRegistry     : Adding type registration binary_wrapper -> org.hibernate.type.BasicTypeReference@58e6f2e4
2023-02-26T17:56:08.980+09:00 DEBUG 4612 --- [restartedMain] org.hibernate.type.BasicTypeRegistry     : Adding type registration wrapper-binary -> org.hibernate.type.BasicTypeReference@58e6f2e4
2023-02-26T17:56:08.980+09:00 DEBUG 4612 --- [restartedMain] org.hibernate.type.BasicTypeRegistry     : Adding type registration Byte[] -> org.hibernate.type.BasicTypeReference@58e6f2e4
2023-02-26T17:56:08.980+09:00 DEBUG 4612 --- [restartedMain] org.hibernate.type.BasicTypeRegistry     : Adding type registration [Ljava.lang.Byte; -> org.hibernate.type.BasicTypeReference@58e6f2e4
2023-02-26T17:56:08.981+09:00 DEBUG 4612 --- [restartedMain] org.hibernate.type.BasicTypeRegistry     : Adding type registration image -> org.hibernate.type.BasicTypeReference@61712862
2023-02-26T17:56:08.982+09:00 DEBUG 4612 --- [restartedMain] org.hibernate.type.BasicTypeRegistry     : Adding type registration blob -> org.hibernate.type.BasicTypeReference@65a85fa1
2023-02-26T17:56:08.986+09:00 DEBUG 4612 --- [restartedMain] org.hibernate.type.BasicTypeRegistry     : Adding type registration java.sql.Blob -> org.hibernate.type.BasicTypeReference@65a85fa1
2023-02-26T17:56:08.987+09:00 DEBUG 4612 --- [restartedMain] org.hibernate.type.BasicTypeRegistry     : Adding type registration materialized_blob -> org.hibernate.type.BasicTypeReference@6b31f48d
2023-02-26T17:56:08.988+09:00 DEBUG 4612 --- [restartedMain] org.hibernate.type.BasicTypeRegistry     : Adding type registration materialized_blob_wrapper -> org.hibernate.type.BasicTypeReference@42f4add
2023-02-26T17:56:08.988+09:00 DEBUG 4612 --- [restartedMain] org.hibernate.type.BasicTypeRegistry     : Adding type registration short -> org.hibernate.type.BasicTypeReference@6c755002
2023-02-26T17:56:08.988+09:00 DEBUG 4612 --- [restartedMain] org.hibernate.type.BasicTypeRegistry     : Adding type registration short -> org.hibernate.type.BasicTypeReference@6c755002
2023-02-26T17:56:08.988+09:00 DEBUG 4612 --- [restartedMain] org.hibernate.type.BasicTypeRegistry     : Adding type registration java.lang.Short -> org.hibernate.type.BasicTypeReference@6c755002
2023-02-26T17:56:08.988+09:00 DEBUG 4612 --- [restartedMain] org.hibernate.type.BasicTypeRegistry     : Adding type registration integer -> org.hibernate.type.BasicTypeReference@4b074f7a
2023-02-26T17:56:08.989+09:00 DEBUG 4612 --- [restartedMain] org.hibernate.type.BasicTypeRegistry     : Adding type registration int -> org.hibernate.type.BasicTypeReference@4b074f7a
2023-02-26T17:56:08.991+09:00 DEBUG 4612 --- [restartedMain] org.hibernate.type.BasicTypeRegistry     : Adding type registration java.lang.Integer -> org.hibernate.type.BasicTypeReference@4b074f7a
2023-02-26T17:56:08.992+09:00 DEBUG 4612 --- [restartedMain] org.hibernate.type.BasicTypeRegistry     : Adding type registration long -> org.hibernate.type.BasicTypeReference@2ff65f0b
2023-02-26T17:56:08.992+09:00 DEBUG 4612 --- [restartedMain] org.hibernate.type.BasicTypeRegistry     : Adding type registration long -> org.hibernate.type.BasicTypeReference@2ff65f0b
2023-02-26T17:56:08.992+09:00 DEBUG 4612 --- [restartedMain] org.hibernate.type.BasicTypeRegistry     : Adding type registration java.lang.Long -> org.hibernate.type.BasicTypeReference@2ff65f0b
2023-02-26T17:56:08.992+09:00 DEBUG 4612 --- [restartedMain] org.hibernate.type.BasicTypeRegistry     : Adding type registration float -> org.hibernate.type.BasicTypeReference@5171918a
2023-02-26T17:56:08.992+09:00 DEBUG 4612 --- [restartedMain] org.hibernate.type.BasicTypeRegistry     : Adding type registration float -> org.hibernate.type.BasicTypeReference@5171918a
2023-02-26T17:56:08.992+09:00 DEBUG 4612 --- [restartedMain] org.hibernate.type.BasicTypeRegistry     : Adding type registration java.lang.Float -> org.hibernate.type.BasicTypeReference@5171918a
2023-02-26T17:56:08.993+09:00 DEBUG 4612 --- [restartedMain] org.hibernate.type.BasicTypeRegistry     : Adding type registration double -> org.hibernate.type.BasicTypeReference@17c22ee6
2023-02-26T17:56:08.993+09:00 DEBUG 4612 --- [restartedMain] org.hibernate.type.BasicTypeRegistry     : Adding type registration double -> org.hibernate.type.BasicTypeReference@17c22ee6
2023-02-26T17:56:08.993+09:00 DEBUG 4612 --- [restartedMain] org.hibernate.type.BasicTypeRegistry     : Adding type registration java.lang.Double -> org.hibernate.type.BasicTypeReference@17c22ee6
2023-02-26T17:56:08.993+09:00 DEBUG 4612 --- [restartedMain] org.hibernate.type.BasicTypeRegistry     : Adding type registration big_integer -> org.hibernate.type.BasicTypeReference@664fcffb
2023-02-26T17:56:08.993+09:00 DEBUG 4612 --- [restartedMain] org.hibernate.type.BasicTypeRegistry     : Adding type registration java.math.BigInteger -> org.hibernate.type.BasicTypeReference@664fcffb
2023-02-26T17:56:08.994+09:00 DEBUG 4612 --- [restartedMain] org.hibernate.type.BasicTypeRegistry     : Adding type registration big_decimal -> org.hibernate.type.BasicTypeReference@7b5cda3e
2023-02-26T17:56:08.994+09:00 DEBUG 4612 --- [restartedMain] org.hibernate.type.BasicTypeRegistry     : Adding type registration java.math.BigDecimal -> org.hibernate.type.BasicTypeReference@7b5cda3e
2023-02-26T17:56:08.994+09:00 DEBUG 4612 --- [restartedMain] org.hibernate.type.BasicTypeRegistry     : Adding type registration character -> org.hibernate.type.BasicTypeReference@267cf91e
2023-02-26T17:56:08.994+09:00 DEBUG 4612 --- [restartedMain] org.hibernate.type.BasicTypeRegistry     : Adding type registration char -> org.hibernate.type.BasicTypeReference@267cf91e
2023-02-26T17:56:08.995+09:00 DEBUG 4612 --- [restartedMain] org.hibernate.type.BasicTypeRegistry     : Adding type registration java.lang.Character -> org.hibernate.type.BasicTypeReference@267cf91e
2023-02-26T17:56:08.995+09:00 DEBUG 4612 --- [restartedMain] org.hibernate.type.BasicTypeRegistry     : Adding type registration character_nchar -> org.hibernate.type.BasicTypeReference@20cf5629
2023-02-26T17:56:08.995+09:00 DEBUG 4612 --- [restartedMain] org.hibernate.type.BasicTypeRegistry     : Adding type registration string -> org.hibernate.type.BasicTypeReference@386775dc
2023-02-26T17:56:08.995+09:00 DEBUG 4612 --- [restartedMain] org.hibernate.type.BasicTypeRegistry     : Adding type registration java.lang.String -> org.hibernate.type.BasicTypeReference@386775dc
2023-02-26T17:56:08.995+09:00 DEBUG 4612 --- [restartedMain] org.hibernate.type.BasicTypeRegistry     : Adding type registration nstring -> org.hibernate.type.BasicTypeReference@25f7c5c4
2023-02-26T17:56:08.996+09:00 DEBUG 4612 --- [restartedMain] org.hibernate.type.BasicTypeRegistry     : Adding type registration characters -> org.hibernate.type.BasicTypeReference@64826c6d
2023-02-26T17:56:08.996+09:00 DEBUG 4612 --- [restartedMain] org.hibernate.type.BasicTypeRegistry     : Adding type registration char[] -> org.hibernate.type.BasicTypeReference@64826c6d
2023-02-26T17:56:08.996+09:00 DEBUG 4612 --- [restartedMain] org.hibernate.type.BasicTypeRegistry     : Adding type registration [C -> org.hibernate.type.BasicTypeReference@64826c6d
2023-02-26T17:56:08.996+09:00 DEBUG 4612 --- [restartedMain] org.hibernate.type.BasicTypeRegistry     : Adding type registration wrapper-characters -> org.hibernate.type.BasicTypeReference@3ea600ca
2023-02-26T17:56:08.997+09:00 DEBUG 4612 --- [restartedMain] org.hibernate.type.BasicTypeRegistry     : Adding type registration [Ljava.lang.Character; -> org.hibernate.type.BasicTypeReference@3ea600ca
2023-02-26T17:56:08.997+09:00 DEBUG 4612 --- [restartedMain] org.hibernate.type.BasicTypeRegistry     : Adding type registration Character[] -> org.hibernate.type.BasicTypeReference@3ea600ca
2023-02-26T17:56:08.998+09:00 DEBUG 4612 --- [restartedMain] org.hibernate.type.BasicTypeRegistry     : Adding type registration text -> org.hibernate.type.BasicTypeReference@3dec5b57
2023-02-26T17:56:08.999+09:00 DEBUG 4612 --- [restartedMain] org.hibernate.type.BasicTypeRegistry     : Adding type registration ntext -> org.hibernate.type.BasicTypeReference@262e70cb
2023-02-26T17:56:08.999+09:00 DEBUG 4612 --- [restartedMain] org.hibernate.type.BasicTypeRegistry     : Adding type registration clob -> org.hibernate.type.BasicTypeReference@51b88167
2023-02-26T17:56:08.999+09:00 DEBUG 4612 --- [restartedMain] org.hibernate.type.BasicTypeRegistry     : Adding type registration java.sql.Clob -> org.hibernate.type.BasicTypeReference@51b88167
2023-02-26T17:56:08.999+09:00 DEBUG 4612 --- [restartedMain] org.hibernate.type.BasicTypeRegistry     : Adding type registration nclob -> org.hibernate.type.BasicTypeReference@5f166bca
2023-02-26T17:56:09.000+09:00 DEBUG 4612 --- [restartedMain] org.hibernate.type.BasicTypeRegistry     : Adding type registration java.sql.NClob -> org.hibernate.type.BasicTypeReference@5f166bca
2023-02-26T17:56:09.000+09:00 DEBUG 4612 --- [restartedMain] org.hibernate.type.BasicTypeRegistry     : Adding type registration materialized_clob -> org.hibernate.type.BasicTypeReference@ffa59c
2023-02-26T17:56:09.000+09:00 DEBUG 4612 --- [restartedMain] org.hibernate.type.BasicTypeRegistry     : Adding type registration materialized_clob_char_array -> org.hibernate.type.BasicTypeReference@55822560
2023-02-26T17:56:09.001+09:00 DEBUG 4612 --- [restartedMain] org.hibernate.type.BasicTypeRegistry     : Adding type registration materialized_clob_character_array -> org.hibernate.type.BasicTypeReference@4024350e
2023-02-26T17:56:09.001+09:00 DEBUG 4612 --- [restartedMain] org.hibernate.type.BasicTypeRegistry     : Adding type registration materialized_nclob -> org.hibernate.type.BasicTypeReference@2c005efb
2023-02-26T17:56:09.001+09:00 DEBUG 4612 --- [restartedMain] org.hibernate.type.BasicTypeRegistry     : Adding type registration materialized_nclob_character_array -> org.hibernate.type.BasicTypeReference@512edda2
2023-02-26T17:56:09.001+09:00 DEBUG 4612 --- [restartedMain] org.hibernate.type.BasicTypeRegistry     : Adding type registration materialized_nclob_char_array -> org.hibernate.type.BasicTypeReference@15435bc2
2023-02-26T17:56:09.002+09:00 DEBUG 4612 --- [restartedMain] org.hibernate.type.BasicTypeRegistry     : Adding type registration Duration -> org.hibernate.type.BasicTypeReference@742e8021
2023-02-26T17:56:09.002+09:00 DEBUG 4612 --- [restartedMain] org.hibernate.type.BasicTypeRegistry     : Adding type registration java.time.Duration -> org.hibernate.type.BasicTypeReference@742e8021
2023-02-26T17:56:09.002+09:00 DEBUG 4612 --- [restartedMain] org.hibernate.type.BasicTypeRegistry     : Adding type registration LocalDateTime -> org.hibernate.type.BasicTypeReference@5a77ffd9
2023-02-26T17:56:09.002+09:00 DEBUG 4612 --- [restartedMain] org.hibernate.type.BasicTypeRegistry     : Adding type registration java.time.LocalDateTime -> org.hibernate.type.BasicTypeReference@5a77ffd9
2023-02-26T17:56:09.002+09:00 DEBUG 4612 --- [restartedMain] org.hibernate.type.BasicTypeRegistry     : Adding type registration LocalDate -> org.hibernate.type.BasicTypeReference@7d93eaf8
2023-02-26T17:56:09.003+09:00 DEBUG 4612 --- [restartedMain] org.hibernate.type.BasicTypeRegistry     : Adding type registration java.time.LocalDate -> org.hibernate.type.BasicTypeReference@7d93eaf8
2023-02-26T17:56:09.003+09:00 DEBUG 4612 --- [restartedMain] org.hibernate.type.BasicTypeRegistry     : Adding type registration LocalTime -> org.hibernate.type.BasicTypeReference@728123c3
2023-02-26T17:56:09.003+09:00 DEBUG 4612 --- [restartedMain] org.hibernate.type.BasicTypeRegistry     : Adding type registration java.time.LocalTime -> org.hibernate.type.BasicTypeReference@728123c3
2023-02-26T17:56:09.004+09:00 DEBUG 4612 --- [restartedMain] org.hibernate.type.BasicTypeRegistry     : Adding type registration OffsetDateTime -> org.hibernate.type.BasicTypeReference@72ae8a3a
2023-02-26T17:56:09.004+09:00 DEBUG 4612 --- [restartedMain] org.hibernate.type.BasicTypeRegistry     : Adding type registration java.time.OffsetDateTime -> org.hibernate.type.BasicTypeReference@72ae8a3a
2023-02-26T17:56:09.004+09:00 DEBUG 4612 --- [restartedMain] org.hibernate.type.BasicTypeRegistry     : Adding type registration OffsetDateTimeWithTimezone -> org.hibernate.type.BasicTypeReference@17423a81
2023-02-26T17:56:09.004+09:00 DEBUG 4612 --- [restartedMain] org.hibernate.type.BasicTypeRegistry     : Adding type registration OffsetDateTimeWithoutTimezone -> org.hibernate.type.BasicTypeReference@75e4d6bb
2023-02-26T17:56:09.004+09:00 DEBUG 4612 --- [restartedMain] org.hibernate.type.BasicTypeRegistry     : Adding type registration OffsetTime -> org.hibernate.type.BasicTypeReference@e007cff
2023-02-26T17:56:09.005+09:00 DEBUG 4612 --- [restartedMain] org.hibernate.type.BasicTypeRegistry     : Adding type registration java.time.OffsetTime -> org.hibernate.type.BasicTypeReference@e007cff
2023-02-26T17:56:09.005+09:00 DEBUG 4612 --- [restartedMain] org.hibernate.type.BasicTypeRegistry     : Adding type registration ZonedDateTime -> org.hibernate.type.BasicTypeReference@8f9d85f
2023-02-26T17:56:09.005+09:00 DEBUG 4612 --- [restartedMain] org.hibernate.type.BasicTypeRegistry     : Adding type registration java.time.ZonedDateTime -> org.hibernate.type.BasicTypeReference@8f9d85f
2023-02-26T17:56:09.005+09:00 DEBUG 4612 --- [restartedMain] org.hibernate.type.BasicTypeRegistry     : Adding type registration ZonedDateTimeWithTimezone -> org.hibernate.type.BasicTypeReference@e697df3
2023-02-26T17:56:09.005+09:00 DEBUG 4612 --- [restartedMain] org.hibernate.type.BasicTypeRegistry     : Adding type registration ZonedDateTimeWithoutTimezone -> org.hibernate.type.BasicTypeReference@5d6b238b
2023-02-26T17:56:09.006+09:00 DEBUG 4612 --- [restartedMain] org.hibernate.type.BasicTypeRegistry     : Adding type registration date -> org.hibernate.type.BasicTypeReference@50814b5d
2023-02-26T17:56:09.006+09:00 DEBUG 4612 --- [restartedMain] org.hibernate.type.BasicTypeRegistry     : Adding type registration java.sql.Date -> org.hibernate.type.BasicTypeReference@50814b5d
2023-02-26T17:56:09.006+09:00 DEBUG 4612 --- [restartedMain] org.hibernate.type.BasicTypeRegistry     : Adding type registration time -> org.hibernate.type.BasicTypeReference@167c5a32
2023-02-26T17:56:09.006+09:00 DEBUG 4612 --- [restartedMain] org.hibernate.type.BasicTypeRegistry     : Adding type registration java.sql.Time -> org.hibernate.type.BasicTypeReference@167c5a32
2023-02-26T17:56:09.007+09:00 DEBUG 4612 --- [restartedMain] org.hibernate.type.BasicTypeRegistry     : Adding type registration timestamp -> org.hibernate.type.BasicTypeReference@53bf2beb
2023-02-26T17:56:09.007+09:00 DEBUG 4612 --- [restartedMain] org.hibernate.type.BasicTypeRegistry     : Adding type registration java.sql.Timestamp -> org.hibernate.type.BasicTypeReference@53bf2beb
2023-02-26T17:56:09.007+09:00 DEBUG 4612 --- [restartedMain] org.hibernate.type.BasicTypeRegistry     : Adding type registration java.util.Date -> org.hibernate.type.BasicTypeReference@53bf2beb
2023-02-26T17:56:09.007+09:00 DEBUG 4612 --- [restartedMain] org.hibernate.type.BasicTypeRegistry     : Adding type registration calendar -> org.hibernate.type.BasicTypeReference@57cc3d6c
2023-02-26T17:56:09.007+09:00 DEBUG 4612 --- [restartedMain] org.hibernate.type.BasicTypeRegistry     : Adding type registration java.util.Calendar -> org.hibernate.type.BasicTypeReference@57cc3d6c
2023-02-26T17:56:09.007+09:00 DEBUG 4612 --- [restartedMain] org.hibernate.type.BasicTypeRegistry     : Adding type registration java.util.GregorianCalendar -> org.hibernate.type.BasicTypeReference@57cc3d6c
2023-02-26T17:56:09.008+09:00 DEBUG 4612 --- [restartedMain] org.hibernate.type.BasicTypeRegistry     : Adding type registration calendar_date -> org.hibernate.type.BasicTypeReference@d4d5f6b
2023-02-26T17:56:09.008+09:00 DEBUG 4612 --- [restartedMain] org.hibernate.type.BasicTypeRegistry     : Adding type registration calendar_time -> org.hibernate.type.BasicTypeReference@7994293a
2023-02-26T17:56:09.008+09:00 DEBUG 4612 --- [restartedMain] org.hibernate.type.BasicTypeRegistry     : Adding type registration instant -> org.hibernate.type.BasicTypeReference@535ea590
2023-02-26T17:56:09.008+09:00 DEBUG 4612 --- [restartedMain] org.hibernate.type.BasicTypeRegistry     : Adding type registration java.time.Instant -> org.hibernate.type.BasicTypeReference@535ea590
2023-02-26T17:56:09.008+09:00 DEBUG 4612 --- [restartedMain] org.hibernate.type.BasicTypeRegistry     : Adding type registration uuid -> org.hibernate.type.BasicTypeReference@65cfc5ca
2023-02-26T17:56:09.009+09:00 DEBUG 4612 --- [restartedMain] org.hibernate.type.BasicTypeRegistry     : Adding type registration java.util.UUID -> org.hibernate.type.BasicTypeReference@65cfc5ca
2023-02-26T17:56:09.009+09:00 DEBUG 4612 --- [restartedMain] org.hibernate.type.BasicTypeRegistry     : Adding type registration pg-uuid -> org.hibernate.type.BasicTypeReference@65cfc5ca
2023-02-26T17:56:09.009+09:00 DEBUG 4612 --- [restartedMain] org.hibernate.type.BasicTypeRegistry     : Adding type registration uuid-binary -> org.hibernate.type.BasicTypeReference@29e781f
2023-02-26T17:56:09.009+09:00 DEBUG 4612 --- [restartedMain] org.hibernate.type.BasicTypeRegistry     : Adding type registration uuid-char -> org.hibernate.type.BasicTypeReference@5a1b4c8f
2023-02-26T17:56:09.009+09:00 DEBUG 4612 --- [restartedMain] org.hibernate.type.BasicTypeRegistry     : Adding type registration class -> org.hibernate.type.BasicTypeReference@7c4f0079
2023-02-26T17:56:09.009+09:00 DEBUG 4612 --- [restartedMain] org.hibernate.type.BasicTypeRegistry     : Adding type registration java.lang.Class -> org.hibernate.type.BasicTypeReference@7c4f0079
2023-02-26T17:56:09.009+09:00 DEBUG 4612 --- [restartedMain] org.hibernate.type.BasicTypeRegistry     : Adding type registration currency -> org.hibernate.type.BasicTypeReference@67b56baf
2023-02-26T17:56:09.010+09:00 DEBUG 4612 --- [restartedMain] org.hibernate.type.BasicTypeRegistry     : Adding type registration Currency -> org.hibernate.type.BasicTypeReference@67b56baf
2023-02-26T17:56:09.010+09:00 DEBUG 4612 --- [restartedMain] org.hibernate.type.BasicTypeRegistry     : Adding type registration java.util.Currency -> org.hibernate.type.BasicTypeReference@67b56baf
2023-02-26T17:56:09.010+09:00 DEBUG 4612 --- [restartedMain] org.hibernate.type.BasicTypeRegistry     : Adding type registration locale -> org.hibernate.type.BasicTypeReference@169aa9c6
2023-02-26T17:56:09.010+09:00 DEBUG 4612 --- [restartedMain] org.hibernate.type.BasicTypeRegistry     : Adding type registration java.util.Locale -> org.hibernate.type.BasicTypeReference@169aa9c6
2023-02-26T17:56:09.010+09:00 DEBUG 4612 --- [restartedMain] org.hibernate.type.BasicTypeRegistry     : Adding type registration serializable -> org.hibernate.type.BasicTypeReference@16e5f0ae
2023-02-26T17:56:09.010+09:00 DEBUG 4612 --- [restartedMain] org.hibernate.type.BasicTypeRegistry     : Adding type registration java.io.Serializable -> org.hibernate.type.BasicTypeReference@16e5f0ae
2023-02-26T17:56:09.011+09:00 DEBUG 4612 --- [restartedMain] org.hibernate.type.BasicTypeRegistry     : Adding type registration timezone -> org.hibernate.type.BasicTypeReference@122d66c3
2023-02-26T17:56:09.011+09:00 DEBUG 4612 --- [restartedMain] org.hibernate.type.BasicTypeRegistry     : Adding type registration java.util.TimeZone -> org.hibernate.type.BasicTypeReference@122d66c3
2023-02-26T17:56:09.011+09:00 DEBUG 4612 --- [restartedMain] org.hibernate.type.BasicTypeRegistry     : Adding type registration ZoneOffset -> org.hibernate.type.BasicTypeReference@5e899f3a
2023-02-26T17:56:09.011+09:00 DEBUG 4612 --- [restartedMain] org.hibernate.type.BasicTypeRegistry     : Adding type registration java.time.ZoneOffset -> org.hibernate.type.BasicTypeReference@5e899f3a
2023-02-26T17:56:09.011+09:00 DEBUG 4612 --- [restartedMain] org.hibernate.type.BasicTypeRegistry     : Adding type registration url -> org.hibernate.type.BasicTypeReference@1d1ed9b4
2023-02-26T17:56:09.011+09:00 DEBUG 4612 --- [restartedMain] org.hibernate.type.BasicTypeRegistry     : Adding type registration java.net.URL -> org.hibernate.type.BasicTypeReference@1d1ed9b4
2023-02-26T17:56:09.011+09:00 DEBUG 4612 --- [restartedMain] org.hibernate.type.BasicTypeRegistry     : Adding type registration row_version -> org.hibernate.type.BasicTypeReference@24c73a39
2023-02-26T17:56:09.023+09:00 DEBUG 4612 --- [restartedMain] org.hibernate.type.BasicTypeRegistry     : Adding type registration dbtimestamp -> org.hibernate.type.DbTimestampType@43f89f99
2023-02-26T17:56:09.024+09:00 DEBUG 4612 --- [restartedMain] org.hibernate.type.BasicTypeRegistry     : Adding type registration dbtimestamp -> org.hibernate.type.DbTimestampType@43f89f99
2023-02-26T17:56:09.027+09:00 DEBUG 4612 --- [restartedMain] org.hibernate.type.BasicTypeRegistry     : Adding type registration object -> org.hibernate.type.JavaObjectType@7e717d6d
2023-02-26T17:56:09.027+09:00 DEBUG 4612 --- [restartedMain] org.hibernate.type.BasicTypeRegistry     : Adding type registration java.lang.Object -> org.hibernate.type.JavaObjectType@7e717d6d
2023-02-26T17:56:09.029+09:00 DEBUG 4612 --- [restartedMain] org.hibernate.type.BasicTypeRegistry     : Adding type registration null -> org.hibernate.type.NullType@68c6584a
2023-02-26T17:56:09.029+09:00 DEBUG 4612 --- [restartedMain] org.hibernate.type.BasicTypeRegistry     : Adding type registration imm_date -> org.hibernate.type.BasicTypeReference@4074349a
2023-02-26T17:56:09.029+09:00 DEBUG 4612 --- [restartedMain] org.hibernate.type.BasicTypeRegistry     : Adding type registration imm_time -> org.hibernate.type.BasicTypeReference@37fb7386
2023-02-26T17:56:09.029+09:00 DEBUG 4612 --- [restartedMain] org.hibernate.type.BasicTypeRegistry     : Adding type registration imm_timestamp -> org.hibernate.type.BasicTypeReference@56991eef
2023-02-26T17:56:09.029+09:00 DEBUG 4612 --- [restartedMain] org.hibernate.type.BasicTypeRegistry     : Adding type registration imm_calendar -> org.hibernate.type.BasicTypeReference@c47187e
2023-02-26T17:56:09.029+09:00 DEBUG 4612 --- [restartedMain] org.hibernate.type.BasicTypeRegistry     : Adding type registration imm_calendar_date -> org.hibernate.type.BasicTypeReference@6d763d88
2023-02-26T17:56:09.029+09:00 DEBUG 4612 --- [restartedMain] org.hibernate.type.BasicTypeRegistry     : Adding type registration imm_calendar_time -> org.hibernate.type.BasicTypeReference@1fd14e3
2023-02-26T17:56:09.029+09:00 DEBUG 4612 --- [restartedMain] org.hibernate.type.BasicTypeRegistry     : Adding type registration imm_binary -> org.hibernate.type.BasicTypeReference@1f0d0c55
2023-02-26T17:56:09.029+09:00 DEBUG 4612 --- [restartedMain] org.hibernate.type.BasicTypeRegistry     : Adding type registration imm_serializable -> org.hibernate.type.BasicTypeReference@2b3d6322
2023-02-26T17:56:09.084+09:00  INFO 4612 --- [restartedMain] com.zaxxer.hikari.HikariDataSource       : HikariPool-1 - Starting...
2023-02-26T17:56:09.675+09:00  INFO 4612 --- [restartedMain] com.zaxxer.hikari.pool.HikariPool        : HikariPool-1 - Added connection com.mysql.cj.jdbc.ConnectionImpl@271ce543
2023-02-26T17:56:09.677+09:00  INFO 4612 --- [restartedMain] com.zaxxer.hikari.HikariDataSource       : HikariPool-1 - Start completed.
2023-02-26T17:56:09.814+09:00  INFO 4612 --- [restartedMain] SQL dialect                              : HHH000400: Using dialect: org.hibernate.dialect.MySQLDialect
2023-02-26T17:56:09.866+09:00 DEBUG 4612 --- [restartedMain] o.h.t.d.sql.spi.DdlTypeRegistry          : addDescriptor(12, org.hibernate.type.descriptor.sql.internal.CapacityDependentDdlType@6c2cf38b) replaced previous registration(org.hibernate.type.descriptor.sql.internal.CapacityDependentDdlType@14acc883)
2023-02-26T17:56:09.867+09:00 DEBUG 4612 --- [restartedMain] o.h.t.d.sql.spi.DdlTypeRegistry          : addDescriptor(-9, org.hibernate.type.descriptor.sql.internal.CapacityDependentDdlType@776ff0ef) replaced previous registration(org.hibernate.type.descriptor.sql.internal.CapacityDependentDdlType@32d342cf)
2023-02-26T17:56:09.868+09:00 DEBUG 4612 --- [restartedMain] o.h.t.d.sql.spi.DdlTypeRegistry          : addDescriptor(-3, org.hibernate.type.descriptor.sql.internal.CapacityDependentDdlType@39685fb5) replaced previous registration(org.hibernate.type.descriptor.sql.internal.CapacityDependentDdlType@4bf260cb)
2023-02-26T17:56:09.868+09:00 DEBUG 4612 --- [restartedMain] o.h.t.d.sql.spi.DdlTypeRegistry          : addDescriptor(4003, org.hibernate.type.descriptor.sql.internal.DdlTypeImpl@431209d2) replaced previous registration(org.hibernate.type.descriptor.sql.internal.DdlTypeImpl@6b7ffe45)
2023-02-26T17:56:09.868+09:00 DEBUG 4612 --- [restartedMain] o.h.t.d.sql.spi.DdlTypeRegistry          : addDescriptor(4001, org.hibernate.type.descriptor.sql.internal.DdlTypeImpl@10918168) replaced previous registration(org.hibernate.type.descriptor.sql.internal.DdlTypeImpl@48bd5f89)
2023-02-26T17:56:09.868+09:00 DEBUG 4612 --- [restartedMain] o.h.t.d.sql.spi.DdlTypeRegistry          : addDescriptor(4002, org.hibernate.type.descriptor.sql.internal.DdlTypeImpl@1b3293d5) replaced previous registration(org.hibernate.type.descriptor.sql.internal.DdlTypeImpl@fabdb20)
2023-02-26T17:56:09.868+09:00 DEBUG 4612 --- [restartedMain] o.h.t.d.sql.spi.DdlTypeRegistry          : addDescriptor(2004, org.hibernate.type.descriptor.sql.internal.CapacityDependentDdlType@132d917c) replaced previous registration(org.hibernate.type.descriptor.sql.internal.DdlTypeImpl@31ced587)
2023-02-26T17:56:09.869+09:00 DEBUG 4612 --- [restartedMain] o.h.t.d.sql.spi.DdlTypeRegistry          : addDescriptor(2005, org.hibernate.type.descriptor.sql.internal.CapacityDependentDdlType@3e6d4450) replaced previous registration(org.hibernate.type.descriptor.sql.internal.DdlTypeImpl@6fceea66)
2023-02-26T17:56:09.869+09:00 DEBUG 4612 --- [restartedMain] o.h.t.d.sql.spi.DdlTypeRegistry          : addDescriptor(2011, org.hibernate.type.descriptor.sql.internal.CapacityDependentDdlType@10972092) replaced previous registration(org.hibernate.type.descriptor.sql.internal.DdlTypeImpl@57b2adea)
2023-02-26T17:56:09.872+09:00 DEBUG 4612 --- [restartedMain] o.h.t.d.jdbc.spi.JdbcTypeRegistry        : addDescriptor(NCharTypeDescriptor) replaced previous registration(CharTypeDescriptor)
2023-02-26T17:56:09.872+09:00 DEBUG 4612 --- [restartedMain] o.h.t.d.jdbc.spi.JdbcTypeRegistry        : addDescriptor(NVarcharTypeDescriptor) replaced previous registration(VarcharTypeDescriptor)
2023-02-26T17:56:09.873+09:00 DEBUG 4612 --- [restartedMain] o.h.t.d.jdbc.spi.JdbcTypeRegistry        : addDescriptor(LongNVarcharTypeDescriptor) replaced previous registration(LongVarcharTypeDescriptor)
2023-02-26T17:56:09.876+09:00 DEBUG 4612 --- [restartedMain] o.h.t.d.jdbc.spi.JdbcTypeRegistry        : addDescriptor(NClobTypeDescriptor(DEFAULT)) replaced previous registration(ClobTypeDescriptor(DEFAULT))
2023-02-26T17:56:09.877+09:00 DEBUG 4612 --- [restartedMain] o.h.t.d.jdbc.spi.JdbcTypeRegistry        : addDescriptor(2005, ClobTypeDescriptor(STREAM_BINDING)) replaced previous registration(ClobTypeDescriptor(DEFAULT))
2023-02-26T17:56:09.883+09:00 DEBUG 4612 --- [restartedMain] org.hibernate.type.BasicTypeRegistry     : Adding type registration null -> org.hibernate.type.NullType@53f70051
2023-02-26T17:56:09.884+09:00 DEBUG 4612 --- [restartedMain] org.hibernate.type.BasicTypeRegistry     : Type registration key [null] overrode previous entry : `org.hibernate.type.NullType@68c6584a`
2023-02-26T17:56:09.895+09:00 DEBUG 4612 --- [restartedMain] org.hibernate.type.BasicTypeRegistry     : Adding type registration org.hibernate.type.OffsetDateTimeType -> basicType@1(java.time.OffsetDateTime,93)
2023-02-26T17:56:09.895+09:00 DEBUG 4612 --- [restartedMain] org.hibernate.type.BasicTypeRegistry     : Adding type registration OffsetDateTime -> basicType@1(java.time.OffsetDateTime,93)
2023-02-26T17:56:09.895+09:00 DEBUG 4612 --- [restartedMain] org.hibernate.type.BasicTypeRegistry     : Adding type registration java.time.OffsetDateTime -> basicType@1(java.time.OffsetDateTime,93)
2023-02-26T17:56:09.895+09:00 DEBUG 4612 --- [restartedMain] org.hibernate.type.BasicTypeRegistry     : Adding type registration org.hibernate.type.ZonedDateTimeType -> basicType@2(java.time.ZonedDateTime,93)
2023-02-26T17:56:09.895+09:00 DEBUG 4612 --- [restartedMain] org.hibernate.type.BasicTypeRegistry     : Adding type registration ZonedDateTime -> basicType@2(java.time.ZonedDateTime,93)
2023-02-26T17:56:09.896+09:00 DEBUG 4612 --- [restartedMain] org.hibernate.type.BasicTypeRegistry     : Adding type registration java.time.ZonedDateTime -> basicType@2(java.time.ZonedDateTime,93)
2023-02-26T17:56:09.900+09:00 DEBUG 4612 --- [restartedMain] o.h.type.spi.TypeConfiguration$Scope     : Scoping TypeConfiguration [org.hibernate.type.spi.TypeConfiguration@49224cf6] to MetadataBuildingContext [org.hibernate.boot.internal.MetadataBuildingContextRootImpl@5d2308b0]
2023-02-26T17:56:10.572+09:00 DEBUG 4612 --- [restartedMain] o.h.type.spi.TypeConfiguration$Scope     : Scoping TypeConfiguration [org.hibernate.type.spi.TypeConfiguration@49224cf6] to SessionFactoryImplementor [org.hibernate.internal.SessionFactoryImpl@61977cb1]
2023-02-26T17:56:11.333+09:00 DEBUG 4612 --- [restartedMain] org.hibernate.SQL                        : 
    
    alter table comment 
       drop 
       foreign key FKdf8afboxtk8rkl40y9cogwegh
2023-02-26T17:56:11.390+09:00 DEBUG 4612 --- [restartedMain] org.hibernate.SQL                        : 
    
    alter table comment 
       drop 
       foreign key FKmrrrpi513ssu63i2783jyiv9m
2023-02-26T17:56:11.406+09:00 DEBUG 4612 --- [restartedMain] org.hibernate.SQL                        : 
    
    alter table comment 
       drop 
       foreign key FKs1slvnkuemjsq2kj4h3vhx7i1
2023-02-26T17:56:11.421+09:00 DEBUG 4612 --- [restartedMain] org.hibernate.SQL                        : 
    
    alter table post 
       drop 
       foreign key FK2t7katxxymxif93a9osshl0ns
2023-02-26T17:56:11.436+09:00 DEBUG 4612 --- [restartedMain] org.hibernate.SQL                        : 
    
    alter table post 
       drop 
       foreign key FK83s99f4kx8oiqm3ro0sasmpww
2023-02-26T17:56:11.447+09:00 DEBUG 4612 --- [restartedMain] org.hibernate.SQL                        : 
    
    drop table if exists board
2023-02-26T17:56:11.456+09:00 DEBUG 4612 --- [restartedMain] org.hibernate.SQL                        : 
    
    drop table if exists board_seq
2023-02-26T17:56:11.465+09:00 DEBUG 4612 --- [restartedMain] org.hibernate.SQL                        : 
    
    drop table if exists comment
2023-02-26T17:56:11.476+09:00 DEBUG 4612 --- [restartedMain] org.hibernate.SQL                        : 
    
    drop table if exists comment_seq
2023-02-26T17:56:11.484+09:00 DEBUG 4612 --- [restartedMain] org.hibernate.SQL                        : 
    
    drop table if exists member
2023-02-26T17:56:11.492+09:00 DEBUG 4612 --- [restartedMain] org.hibernate.SQL                        : 
    
    drop table if exists member_seq
2023-02-26T17:56:11.500+09:00 DEBUG 4612 --- [restartedMain] org.hibernate.SQL                        : 
    
    drop table if exists post
2023-02-26T17:56:11.508+09:00 DEBUG 4612 --- [restartedMain] org.hibernate.SQL                        : 
    
    drop table if exists post_seq
2023-02-26T17:56:11.518+09:00 DEBUG 4612 --- [restartedMain] org.hibernate.SQL                        : 
    
    create table board (
       board_id bigint not null,
        name varchar(255),
        primary key (board_id)
    ) engine=InnoDB
2023-02-26T17:56:11.533+09:00 DEBUG 4612 --- [restartedMain] org.hibernate.SQL                        : 
    
    create table board_seq (
       next_val bigint
    ) engine=InnoDB
2023-02-26T17:56:11.546+09:00 DEBUG 4612 --- [restartedMain] org.hibernate.SQL                        : 
    
    insert into board_seq values ( 1 )
2023-02-26T17:56:11.550+09:00 DEBUG 4612 --- [restartedMain] org.hibernate.SQL                        : 
    
    create table comment (
       comment_id bigint not null,
        commented_date datetime(6),
        content varchar(255),
        likes_cnt bigint,
        comment_parent_id bigint,
        member_id bigint,
        post_id bigint,
        primary key (comment_id)
    ) engine=InnoDB
2023-02-26T17:56:11.565+09:00 DEBUG 4612 --- [restartedMain] org.hibernate.SQL                        : 
    
    create table comment_seq (
       next_val bigint
    ) engine=InnoDB
2023-02-26T17:56:11.576+09:00 DEBUG 4612 --- [restartedMain] org.hibernate.SQL                        : 
    
    insert into comment_seq values ( 1 )
2023-02-26T17:56:11.581+09:00 DEBUG 4612 --- [restartedMain] org.hibernate.SQL                        : 
    
    create table member (
       member_id bigint not null,
        login_id varchar(255),
        login_pw varchar(255),
        name varchar(255),
        nickname varchar(255),
        primary key (member_id)
    ) engine=InnoDB
2023-02-26T17:56:11.595+09:00 DEBUG 4612 --- [restartedMain] org.hibernate.SQL                        : 
    
    create table member_seq (
       next_val bigint
    ) engine=InnoDB
2023-02-26T17:56:11.612+09:00 DEBUG 4612 --- [restartedMain] org.hibernate.SQL                        : 
    
    insert into member_seq values ( 1 )
2023-02-26T17:56:11.617+09:00 DEBUG 4612 --- [restartedMain] org.hibernate.SQL                        : 
    
    create table post (
       post_id bigint not null,
        comments_cnt bigint,
        content varchar(255),
        is_anonymous bit not null,
        is_question bit not null,
        likes_cnt bigint,
        photos_cnt bigint,
        posted_date datetime(6),
        scraps_cnt bigint,
        title varchar(255),
        board_id bigint,
        member_id bigint,
        primary key (post_id)
    ) engine=InnoDB
2023-02-26T17:56:11.634+09:00 DEBUG 4612 --- [restartedMain] org.hibernate.SQL                        : 
    
    create table post_seq (
       next_val bigint
    ) engine=InnoDB
2023-02-26T17:56:11.648+09:00 DEBUG 4612 --- [restartedMain] org.hibernate.SQL                        : 
    
    insert into post_seq values ( 1 )
2023-02-26T17:56:11.652+09:00 DEBUG 4612 --- [restartedMain] org.hibernate.SQL                        : 
    
    alter table comment 
       add constraint FKdf8afboxtk8rkl40y9cogwegh 
       foreign key (comment_parent_id) 
       references comment (comment_id)
2023-02-26T17:56:11.708+09:00 DEBUG 4612 --- [restartedMain] org.hibernate.SQL                        : 
    
    alter table comment 
       add constraint FKmrrrpi513ssu63i2783jyiv9m 
       foreign key (member_id) 
       references member (member_id)
2023-02-26T17:56:11.768+09:00 DEBUG 4612 --- [restartedMain] org.hibernate.SQL                        : 
    
    alter table comment 
       add constraint FKs1slvnkuemjsq2kj4h3vhx7i1 
       foreign key (post_id) 
       references post (post_id)
2023-02-26T17:56:11.843+09:00 DEBUG 4612 --- [restartedMain] org.hibernate.SQL                        : 
    
    alter table post 
       add constraint FK2t7katxxymxif93a9osshl0ns 
       foreign key (board_id) 
       references board (board_id)
2023-02-26T17:56:11.916+09:00 DEBUG 4612 --- [restartedMain] org.hibernate.SQL                        : 
    
    alter table post 
       add constraint FK83s99f4kx8oiqm3ro0sasmpww 
       foreign key (member_id) 
       references member (member_id)
2023-02-26T17:56:11.975+09:00  INFO 4612 --- [restartedMain] o.h.e.t.j.p.i.JtaPlatformInitiator       : HHH000490: Using JtaPlatform implementation: [org.hibernate.engine.transaction.jta.platform.internal.NoJtaPlatform]
2023-02-26T17:56:11.985+09:00 TRACE 4612 --- [restartedMain] o.h.type.spi.TypeConfiguration$Scope     : Handling #sessionFactoryCreated from [org.hibernate.internal.SessionFactoryImpl@61977cb1] for TypeConfiguration
2023-02-26T17:56:11.989+09:00  INFO 4612 --- [restartedMain] j.LocalContainerEntityManagerFactoryBean : Initialized JPA EntityManagerFactory for persistence unit 'default'
2023-02-26T17:56:12.877+09:00 DEBUG 4612 --- [restartedMain] org.hibernate.SQL                        : 
    select
        next_val as id_val 
    from
        member_seq for update
2023-02-26T17:56:12.891+09:00 DEBUG 4612 --- [restartedMain] org.hibernate.SQL                        : 
    update
        member_seq 
    set
        next_val= ? 
    where
        next_val=?
2023-02-26T17:56:12.934+09:00 DEBUG 4612 --- [restartedMain] org.hibernate.SQL                        : 
    select
        next_val as id_val 
    from
        board_seq for update
2023-02-26T17:56:12.936+09:00 DEBUG 4612 --- [restartedMain] org.hibernate.SQL                        : 
    update
        board_seq 
    set
        next_val= ? 
    where
        next_val=?
2023-02-26T17:56:12.941+09:00 DEBUG 4612 --- [restartedMain] org.hibernate.SQL                        : 
    select
        next_val as id_val 
    from
        board_seq for update
2023-02-26T17:56:12.944+09:00 DEBUG 4612 --- [restartedMain] org.hibernate.SQL                        : 
    update
        board_seq 
    set
        next_val= ? 
    where
        next_val=?
2023-02-26T17:56:12.949+09:00 DEBUG 4612 --- [restartedMain] org.hibernate.SQL                        : 
    select
        next_val as id_val 
    from
        post_seq for update
2023-02-26T17:56:12.951+09:00 DEBUG 4612 --- [restartedMain] org.hibernate.SQL                        : 
    update
        post_seq 
    set
        next_val= ? 
    where
        next_val=?
2023-02-26T17:56:12.958+09:00 DEBUG 4612 --- [restartedMain] org.hibernate.SQL                        : 
    select
        next_val as id_val 
    from
        post_seq for update
2023-02-26T17:56:12.959+09:00 DEBUG 4612 --- [restartedMain] org.hibernate.SQL                        : 
    update
        post_seq 
    set
        next_val= ? 
    where
        next_val=?
2023-02-26T17:56:12.996+09:00 DEBUG 4612 --- [restartedMain] org.hibernate.SQL                        : 
    insert 
    into
        member
        (login_id, login_pw, name, nickname, member_id) 
    values
        (?, ?, ?, ?, ?)
2023-02-26T17:56:13.006+09:00 DEBUG 4612 --- [restartedMain] org.hibernate.SQL                        : 
    insert 
    into
        board
        (name, board_id) 
    values
        (?, ?)
2023-02-26T17:56:13.009+09:00 DEBUG 4612 --- [restartedMain] org.hibernate.SQL                        : 
    insert 
    into
        board
        (name, board_id) 
    values
        (?, ?)
2023-02-26T17:56:13.012+09:00 DEBUG 4612 --- [restartedMain] org.hibernate.SQL                        : 
    insert 
    into
        post
        (board_id, comments_cnt, content, is_anonymous, is_question, likes_cnt, member_id, photos_cnt, posted_date, scraps_cnt, title, post_id) 
    values
        (?, ?, ?, ?, ?, ?, ?, ?, ?, ?, ?, ?)
2023-02-26T17:56:13.021+09:00 DEBUG 4612 --- [restartedMain] org.hibernate.SQL                        : 
    insert 
    into
        post
        (board_id, comments_cnt, content, is_anonymous, is_question, likes_cnt, member_id, photos_cnt, posted_date, scraps_cnt, title, post_id) 
    values
        (?, ?, ?, ?, ?, ?, ?, ?, ?, ?, ?, ?)
2023-02-26T17:56:13.024+09:00 DEBUG 4612 --- [restartedMain] org.hibernate.SQL                        : 
    insert 
    into
        post
        (board_id, comments_cnt, content, is_anonymous, is_question, likes_cnt, member_id, photos_cnt, posted_date, scraps_cnt, title, post_id) 
    values
        (?, ?, ?, ?, ?, ?, ?, ?, ?, ?, ?, ?)
2023-02-26T17:56:13.026+09:00 DEBUG 4612 --- [restartedMain] org.hibernate.SQL                        : 
    insert 
    into
        post
        (board_id, comments_cnt, content, is_anonymous, is_question, likes_cnt, member_id, photos_cnt, posted_date, scraps_cnt, title, post_id) 
    values
        (?, ?, ?, ?, ?, ?, ?, ?, ?, ?, ?, ?)
2023-02-26T17:56:13.030+09:00 DEBUG 4612 --- [restartedMain] org.hibernate.SQL                        : 
    insert 
    into
        post
        (board_id, comments_cnt, content, is_anonymous, is_question, likes_cnt, member_id, photos_cnt, posted_date, scraps_cnt, title, post_id) 
    values
        (?, ?, ?, ?, ?, ?, ?, ?, ?, ?, ?, ?)
2023-02-26T17:56:13.032+09:00 DEBUG 4612 --- [restartedMain] org.hibernate.SQL                        : 
    insert 
    into
        post
        (board_id, comments_cnt, content, is_anonymous, is_question, likes_cnt, member_id, photos_cnt, posted_date, scraps_cnt, title, post_id) 
    values
        (?, ?, ?, ?, ?, ?, ?, ?, ?, ?, ?, ?)
2023-02-26T17:56:13.034+09:00 DEBUG 4612 --- [restartedMain] org.hibernate.SQL                        : 
    insert 
    into
        post
        (board_id, comments_cnt, content, is_anonymous, is_question, likes_cnt, member_id, photos_cnt, posted_date, scraps_cnt, title, post_id) 
    values
        (?, ?, ?, ?, ?, ?, ?, ?, ?, ?, ?, ?)
2023-02-26T17:56:13.037+09:00 DEBUG 4612 --- [restartedMain] org.hibernate.SQL                        : 
    insert 
    into
        post
        (board_id, comments_cnt, content, is_anonymous, is_question, likes_cnt, member_id, photos_cnt, posted_date, scraps_cnt, title, post_id) 
    values
        (?, ?, ?, ?, ?, ?, ?, ?, ?, ?, ?, ?)
2023-02-26T17:56:13.191+09:00  WARN 4612 --- [restartedMain] JpaBaseConfiguration$JpaWebConfiguration : spring.jpa.open-in-view is enabled by default. Therefore, database queries may be performed during view rendering. Explicitly configure spring.jpa.open-in-view to disable this warning
2023-02-26T17:56:13.768+09:00  INFO 4612 --- [restartedMain] o.s.b.d.a.OptionalLiveReloadServer       : LiveReload server is running on port 35729
2023-02-26T17:56:13.830+09:00  INFO 4612 --- [restartedMain] o.s.b.w.embedded.tomcat.TomcatWebServer  : Tomcat started on port(s): 8080 (http) with context path ''
2023-02-26T17:56:13.855+09:00  INFO 4612 --- [restartedMain] b.everybeomsu.EverybeomsuApplication     : Started EverybeomsuApplication in 11.213 seconds (process running for 12.762)
